<?xml version="1.0" encoding="UTF-8"?>
<testsuite xmlns:xsi="http://www.w3.org/2001/XMLSchema-instance" xsi:noNamespaceSchemaLocation="https://maven.apache.org/surefire/maven-surefire-plugin/xsd/surefire-test-report.xsd" version="3.0.2" name="com.rrhh.gestion.GestionApplicationTests" time="9.221" tests="1" errors="0" skipped="0" failures="0">
  <properties>
[...]
</properties>
  <testcase name="contextLoads" classname="com.rrhh.gestion.GestionApplicationTests" time="0.526">
    <system-out><![CDATA[01:31:28.106 [main] INFO org.springframework.test.context.support.AnnotationConfigContextLoaderUtils -- Could not detect default configuration classes for test class [com.rrhh.gestion.GestionApplicationTests]: GestionApplicationTests does not declare any static, non-private, non-final, nested classes annotated with @Configuration.
01:31:28.258 [main] INFO org.springframework.boot.test.context.SpringBootTestContextBootstrapper -- Found @SpringBootConfiguration com.rrhh.gestion.GestionApplication for test class com.rrhh.gestion.GestionApplicationTests

  .   ____          _            __ _ _
 /\\ / ___'_ __ _ _(_)_ __  __ _ \ \ \ \
( ( )\___ | '_ | '_| | '_ \/ _` | \ \ \ \
 \\/  ___)| |_)| | | | | || (_| |  ) ) ) )
  '  |____| .__|_| |_|_| |_\__, | / / / /
 =========|_|==============|___/=/_/_/_/

 :: Spring Boot ::                (v3.4.5)

2025-06-24T01:31:28.795-04:00  INFO 25024 --- [Gestion] [           main] c.rrhh.gestion.GestionApplicationTests   : Starting GestionApplicationTests using Java 21.0.7 with PID 25024 (started by diego in C:\Users\diego\Desktop\Proyecto_integracion_Ferramas\gestion)
2025-06-24T01:31:28.796-04:00  INFO 25024 --- [Gestion] [           main] c.rrhh.gestion.GestionApplicationTests   : No active profile set, falling back to 1 default profile: "default"
2025-06-24T01:31:29.800-04:00  INFO 25024 --- [Gestion] [           main] .s.d.r.c.RepositoryConfigurationDelegate : Bootstrapping Spring Data JPA repositories in DEFAULT mode.
2025-06-24T01:31:29.927-04:00  INFO 25024 --- [Gestion] [           main] .s.d.r.c.RepositoryConfigurationDelegate : Finished Spring Data repository scanning in 114 ms. Found 16 JPA repository interfaces.
2025-06-24T01:31:30.807-04:00  INFO 25024 --- [Gestion] [           main] o.hibernate.jpa.internal.util.LogHelper  : HHH000204: Processing PersistenceUnitInfo [name: default]
2025-06-24T01:31:30.898-04:00  INFO 25024 --- [Gestion] [           main] org.hibernate.Version                    : HHH000412: Hibernate ORM core version 6.6.13.Final
2025-06-24T01:31:30.945-04:00  INFO 25024 --- [Gestion] [           main] o.h.c.internal.RegionFactoryInitiator    : HHH000026: Second-level cache disabled
2025-06-24T01:31:31.497-04:00  INFO 25024 --- [Gestion] [           main] o.s.o.j.p.SpringPersistenceUnitInfo      : No LoadTimeWeaver setup: ignoring JPA class transformer
2025-06-24T01:31:31.556-04:00  INFO 25024 --- [Gestion] [           main] com.zaxxer.hikari.HikariDataSource       : HikariPool-1 - Starting...
2025-06-24T01:31:31.796-04:00  INFO 25024 --- [Gestion] [           main] com.zaxxer.hikari.pool.HikariPool        : HikariPool-1 - Added connection conn0: url=jdbc:h2:mem:ferreteria user=SA
2025-06-24T01:31:31.798-04:00  INFO 25024 --- [Gestion] [           main] com.zaxxer.hikari.HikariDataSource       : HikariPool-1 - Start completed.
2025-06-24T01:31:31.831-04:00  WARN 25024 --- [Gestion] [           main] org.hibernate.orm.deprecation            : HHH90000025: H2Dialect does not need to be specified explicitly using 'hibernate.dialect' (remove the property setting and it will be selected by default)
2025-06-24T01:31:31.855-04:00  INFO 25024 --- [Gestion] [           main] org.hibernate.orm.connections.pooling    : HHH10001005: Database info:
	Database JDBC URL [Connecting through datasource 'HikariDataSource (HikariPool-1)']
	Database driver: undefined/unknown
	Database version: 2.3.232
	Autocommit mode: undefined/unknown
	Isolation level: undefined/unknown
	Minimum pool size: undefined/unknown
	Maximum pool size: undefined/unknown
2025-06-24T01:31:33.169-04:00  INFO 25024 --- [Gestion] [           main] o.h.e.t.j.p.i.JtaPlatformInitiator       : HHH000489: No JTA platform available (set 'hibernate.transaction.jta.platform' to enable JTA platform integration)
Hibernate: drop table if exists asignaciones cascade 
Hibernate: drop table if exists carritos cascade 
Hibernate: drop table if exists clientes cascade 
Hibernate: drop table if exists comuna cascade 
Hibernate: drop table if exists detalles_venta cascade 
Hibernate: drop table if exists empleado cascade 
Hibernate: drop table if exists envios cascade 
Hibernate: drop table if exists historial_precios cascade 
Hibernate: drop table if exists items_carrito cascade 
Hibernate: drop table if exists metodos_pago cascade 
Hibernate: drop table if exists movimientos_inventario cascade 
Hibernate: drop table if exists productos cascade 
Hibernate: drop table if exists sedes cascade 
Hibernate: drop table if exists tareas cascade 
Hibernate: drop table if exists usuario cascade 
Hibernate: drop table if exists ventas cascade 
Hibernate: create table asignaciones (fecha_asignacion date, id bigint generated by default as identity, tarea_id bigint, empleado_id varchar(255), primary key (id))
Hibernate: create table carritos (fecha_creacion date, cliente_id bigint, id bigint generated by default as identity, primary key (id))
Hibernate: create table clientes (id bigint generated by default as identity, apellido varchar(255) not null, correo_electronico varchar(255) unique, direccion varchar(255), nombre varchar(255) not null, telefono varchar(255), primary key (id))
Hibernate: create table comuna (id integer not null, nombre varchar(255), primary key (id))
Hibernate: create table detalles_venta (cantidad integer not null, precio_unitario numeric(10,2) not null, id bigint generated by default as identity, producto_id bigint, venta_id bigint, primary key (id))
Hibernate: create table empleado (id_comuna integer not null, correo varchar(255), nombre varchar(255), rut varchar(255) not null, telefono varchar(255), primary key (rut))
Hibernate: create table envios (fecha_entrega date, fecha_envio date, id bigint generated by default as identity, venta_id bigint unique, estado varchar(255), primary key (id))
Hibernate: create table historial_precios (fecha_fin date, fecha_inicio date not null, precio numeric(10,2) not null, id bigint generated by default as identity, producto_id bigint, primary key (id))
Hibernate: create table items_carrito (cantidad integer not null, carrito_id bigint, id bigint generated by default as identity, producto_id bigint, primary key (id))
Hibernate: create table metodos_pago (id bigint generated by default as identity, nombre varchar(255) not null, primary key (id))
Hibernate: create table movimientos_inventario (cantidad integer not null, fecha date not null, id bigint generated by default as identity, producto_id bigint, tipo_movimiento varchar(255) not null, primary key (id))
Hibernate: create table productos (precio numeric(10,2) not null, stock integer not null, id bigint generated by default as identity, categoria varchar(255), descripcion varchar(255), nombre varchar(255) not null, primary key (id))
Hibernate: create table sedes (id bigint generated by default as identity, direccion varchar(255) not null, nombre varchar(255) not null, telefono varchar(255), primary key (id))
Hibernate: create table tareas (fecha_fin date, fecha_inicio date, id bigint generated by default as identity, descripcion varchar(255), estado varchar(255), nombre varchar(255) not null, primary key (id))
Hibernate: create table usuario (activo boolean not null, fecha_creacion timestamp(6), id bigint generated by default as identity, ultimo_acceso timestamp(6), apellido varchar(255) not null, email varchar(255) not null unique, nombre varchar(255) not null, nombre_usuario varchar(255) not null unique, password varchar(255) not null, rol enum ('ADMINISTRADOR','USUARIO') not null, primary key (id))
Hibernate: create table ventas (fecha date not null, total numeric(10,2) not null, cliente_id bigint, id bigint generated by default as identity, metodo_pago_id bigint, sede_id bigint, empleado_id varchar(255), primary key (id))
Hibernate: alter table if exists asignaciones add constraint FKkldmxjyw5illgly0yx2ob99bw foreign key (empleado_id) references empleado
Hibernate: alter table if exists asignaciones add constraint FK2808ppxp86km3ymm8anq1umhi foreign key (tarea_id) references tareas
Hibernate: alter table if exists carritos add constraint FKnxakr2a54l3yo8beiueoqr871 foreign key (cliente_id) references clientes
Hibernate: alter table if exists detalles_venta add constraint FK7mddblufrocsknhbs4kjtlx94 foreign key (producto_id) references productos
Hibernate: alter table if exists detalles_venta add constraint FK453xcyfk9n6snv6qnjlo0p65p foreign key (venta_id) references ventas
Hibernate: alter table if exists empleado add constraint FK1ajk2llvdgy8rgijgk7653u2l foreign key (id_comuna) references comuna
Hibernate: alter table if exists envios add constraint FKfsp03bgfbtx6y72yu74oh6dou foreign key (venta_id) references ventas
Hibernate: alter table if exists historial_precios add constraint FKovj964lbd87u02ouxxk8284e foreign key (producto_id) references productos
Hibernate: alter table if exists items_carrito add constraint FK9qal2jfqtv8ek5uelns6o4cn1 foreign key (carrito_id) references carritos
Hibernate: alter table if exists items_carrito add constraint FKscnkqsnxj0ppo0bcyw6u13a82 foreign key (producto_id) references productos
Hibernate: alter table if exists movimientos_inventario add constraint FK36oqksnam23hjdna6ny4oimsm foreign key (producto_id) references productos
Hibernate: alter table if exists ventas add constraint FK4dgjhccl2uuo8swmxlxb4ipb5 foreign key (cliente_id) references clientes
Hibernate: alter table if exists ventas add constraint FKc6tf68tu3h3y79cyoawn0ssyc foreign key (empleado_id) references empleado
Hibernate: alter table if exists ventas add constraint FKqiqbr3o6uw069s9h0ssjl7qxl foreign key (metodo_pago_id) references metodos_pago
Hibernate: alter table if exists ventas add constraint FKa1t1qapik4xcnuq2xstcctt27 foreign key (sede_id) references sedes
2025-06-24T01:31:33.268-04:00  INFO 25024 --- [Gestion] [           main] j.LocalContainerEntityManagerFactoryBean : Initialized JPA EntityManagerFactory for persistence unit 'default'
2025-06-24T01:31:33.966-04:00  INFO 25024 --- [Gestion] [           main] o.s.d.j.r.query.QueryEnhancerFactory     : Hibernate is in classpath; If applicable, HQL parser will be used.
2025-06-24T01:31:35.114-04:00  WARN 25024 --- [Gestion] [           main] JpaBaseConfiguration$JpaWebConfiguration : spring.jpa.open-in-view is enabled by default. Therefore, database queries may be performed during view rendering. Explicitly configure spring.jpa.open-in-view to disable this warning
2025-06-24T01:31:35.151-04:00  WARN 25024 --- [Gestion] [           main] .s.s.UserDetailsServiceAutoConfiguration : 

Using generated security password: aa4d0609-643f-448f-9135-e4a206fa50ee

This generated password is for development use only. Your security configuration must be updated before running your application in production.

2025-06-24T01:31:35.165-04:00  INFO 25024 --- [Gestion] [           main] r$InitializeUserDetailsManagerConfigurer : Global AuthenticationManager configured with UserDetailsService bean with name inMemoryUserDetailsManager
2025-06-24T01:31:36.169-04:00  INFO 25024 --- [Gestion] [           main] o.s.b.a.h2.H2ConsoleAutoConfiguration    : H2 console available at '/h2-console'. Database available at 'jdbc:h2:mem:ferreteria'
2025-06-24T01:31:36.263-04:00  INFO 25024 --- [Gestion] [           main] c.rrhh.gestion.GestionApplicationTests   : Started GestionApplicationTests in 7.812 seconds (process running for 8.997)
Hibernate: select u1_0.id from usuario u1_0 where u1_0.nombre_usuario=? fetch first ? rows only
Hibernate: insert into usuario (activo,apellido,email,fecha_creacion,nombre,nombre_usuario,password,rol,ultimo_acceso,id) values (?,?,?,?,?,?,?,?,?,default)
✅ Usuario administrador creado: admin / admin123
Hibernate: select u1_0.id from usuario u1_0 where u1_0.nombre_usuario=? fetch first ? rows only
Hibernate: insert into usuario (activo,apellido,email,fecha_creacion,nombre,nombre_usuario,password,rol,ultimo_acceso,id) values (?,?,?,?,?,?,?,?,?,default)
✅ Usuario regular creado: usuario / usuario123
🚀 Sistema de usuarios inicializado correctamente
📋 Usuarios disponibles:
   👤 Admin: admin / admin123
   👤 Usuario: usuario / usuario123
]]></system-out>
    <system-err><![CDATA[Mockito is currently self-attaching to enable the inline-mock-maker. This will no longer work in future releases of the JDK. Please add Mockito as an agent to your build what is described in Mockito's documentation: https://javadoc.io/doc/org.mockito/mockito-core/latest/org/mockito/Mockito.html#0.3
WARNING: A Java agent has been loaded dynamically (C:\Users\diego\.m2\repository\net\bytebuddy\byte-buddy-agent\1.15.11\byte-buddy-agent-1.15.11.jar)
WARNING: If a serviceability tool is in use, please run with -XX:+EnableDynamicAgentLoading to hide this warning
WARNING: If a serviceability tool is not in use, please run with -Djdk.instrument.traceUsage for more information
WARNING: Dynamic loading of agents will be disallowed by default in a future release
]]></system-err>
  </testcase>
</testsuite>